<?xml version="1.0" encoding="UTF-8"?>
<robot generator="Robot 5.0.1 (Python 3.8.10 on linux)" generated="20220922 16:56:52.623" rpa="false" schemaversion="3">
<suite id="s1" name="Task3" source="/home/afiq/Besquare/QA/Robotframework/testcases/Task 3/Task3.robot">
<test id="s1-t1" name="Buy Lower Contract" line="47">
<kw name="Login To Deriv">
<kw name="Open Browser" library="SeleniumLibrary">
<arg>https://app.deriv.com/</arg>
<arg>Chrome</arg>
<doc>Opens a new browser instance to the optional ``url``.</doc>
<msg timestamp="20220922 16:56:52.703" level="INFO">Opening browser 'Chrome' to base url 'https://app.deriv.com/'.</msg>
<status status="PASS" starttime="20220922 16:56:52.702" endtime="20220922 16:57:01.419"/>
</kw>
<kw name="Maximize Browser Window" library="SeleniumLibrary">
<doc>Maximizes current browser window.</doc>
<status status="PASS" starttime="20220922 16:57:01.419" endtime="20220922 16:57:01.525"/>
</kw>
<kw name="Wait Until Page Contains Element" library="SeleniumLibrary">
<arg>//div[@class='btn-purchase__text_wrapper' and contains(.,'Rise')]</arg>
<arg>30</arg>
<doc>Waits until the element ``locator`` appears on the current page.</doc>
<status status="PASS" starttime="20220922 16:57:01.525" endtime="20220922 16:57:01.551"/>
</kw>
<kw name="Click Element" library="SeleniumLibrary">
<arg>dt_login_button</arg>
<doc>Click the element identified by ``locator``.</doc>
<msg timestamp="20220922 16:57:01.552" level="INFO">Clicking element 'dt_login_button'.</msg>
<status status="PASS" starttime="20220922 16:57:01.551" endtime="20220922 16:57:04.399"/>
</kw>
<kw name="Wait Until Page Contains Element" library="SeleniumLibrary">
<arg>//input[@type='email']</arg>
<arg>10</arg>
<doc>Waits until the element ``locator`` appears on the current page.</doc>
<status status="PASS" starttime="20220922 16:57:04.399" endtime="20220922 16:57:04.414"/>
</kw>
<kw name="Input Text" library="SeleniumLibrary">
<arg>//input[@type='email']</arg>
<arg>mohamad.afiq+3@besquare.com.my</arg>
<doc>Types the given ``text`` into the text field identified by ``locator``.</doc>
<msg timestamp="20220922 16:57:04.414" level="INFO">Typing text 'mohamad.afiq+3@besquare.com.my' into text field '//input[@type='email']'.</msg>
<status status="PASS" starttime="20220922 16:57:04.414" endtime="20220922 16:57:04.468"/>
</kw>
<kw name="Input Text" library="SeleniumLibrary">
<arg>//input[@type='password']</arg>
<arg>@Dtrader123</arg>
<doc>Types the given ``text`` into the text field identified by ``locator``.</doc>
<msg timestamp="20220922 16:57:04.469" level="INFO">Typing text '@Dtrader123' into text field '//input[@type='password']'.</msg>
<status status="PASS" starttime="20220922 16:57:04.468" endtime="20220922 16:57:04.516"/>
</kw>
<kw name="Click Element" library="SeleniumLibrary">
<arg>//button[@type='submit']</arg>
<doc>Click the element identified by ``locator``.</doc>
<msg timestamp="20220922 16:57:04.516" level="INFO">Clicking element '//button[@type='submit']'.</msg>
<status status="PASS" starttime="20220922 16:57:04.516" endtime="20220922 16:57:06.121"/>
</kw>
<kw name="Wait Until Page Contains Element" library="SeleniumLibrary">
<arg>//div[@class='btn-purchase__text_wrapper' and contains(.,'Rise')]</arg>
<arg>30</arg>
<doc>Waits until the element ``locator`` appears on the current page.</doc>
<status status="PASS" starttime="20220922 16:57:06.121" endtime="20220922 16:57:09.040"/>
</kw>
<kw name="Click Element" library="SeleniumLibrary">
<arg>//div[@id='dt_core_account-info_acc-info']</arg>
<doc>Click the element identified by ``locator``.</doc>
<msg timestamp="20220922 16:57:09.041" level="INFO">Clicking element '//div[@id='dt_core_account-info_acc-info']'.</msg>
<status status="PASS" starttime="20220922 16:57:09.041" endtime="20220922 16:57:09.614"/>
</kw>
<kw name="Page Should Contain Element" library="SeleniumLibrary">
<arg>//div[contains(@id, "dt_CR")]</arg>
<doc>Verifies that element ``locator`` is found on the current page.</doc>
<msg timestamp="20220922 16:57:09.846" level="INFO">Current page contains element '//div[contains(@id, "dt_CR")]'.</msg>
<status status="PASS" starttime="20220922 16:57:09.614" endtime="20220922 16:57:09.846"/>
</kw>
<kw name="Click Element" library="SeleniumLibrary">
<arg>//li[@id='dt_core_account-switcher_demo-tab']</arg>
<doc>Click the element identified by ``locator``.</doc>
<msg timestamp="20220922 16:57:09.847" level="INFO">Clicking element '//li[@id='dt_core_account-switcher_demo-tab']'.</msg>
<status status="PASS" starttime="20220922 16:57:09.846" endtime="20220922 16:57:10.045"/>
</kw>
<kw name="Click Element" library="SeleniumLibrary">
<arg>//div[@class='dc-content-expander__content']</arg>
<doc>Click the element identified by ``locator``.</doc>
<msg timestamp="20220922 16:57:10.045" level="INFO">Clicking element '//div[@class='dc-content-expander__content']'.</msg>
<status status="PASS" starttime="20220922 16:57:10.045" endtime="20220922 16:57:10.249"/>
</kw>
<kw name="Page Should Contain Element" library="SeleniumLibrary">
<arg>//div[contains(@id, "dt_VRTC")]</arg>
<doc>Verifies that element ``locator`` is found on the current page.</doc>
<msg timestamp="20220922 16:57:10.266" level="INFO">Current page contains element '//div[contains(@id, "dt_VRTC")]'.</msg>
<status status="PASS" starttime="20220922 16:57:10.249" endtime="20220922 16:57:10.266"/>
</kw>
<status status="PASS" starttime="20220922 16:56:52.702" endtime="20220922 16:57:10.266"/>
</kw>
<kw name="Buy Lower Contract">
<kw name="Click Element" library="SeleniumLibrary">
<arg>//div[@class="cq-symbol-select-btn"]</arg>
<doc>Click the element identified by ``locator``.</doc>
<msg timestamp="20220922 16:57:10.267" level="INFO">Clicking element '//div[@class="cq-symbol-select-btn"]'.</msg>
<status status="PASS" starttime="20220922 16:57:10.267" endtime="20220922 16:57:10.316"/>
</kw>
<kw name="Wait Until Page Contains Element" library="SeleniumLibrary">
<arg>//div[@class='btn-purchase__text_wrapper' and contains(.,'Rise')]</arg>
<arg>30</arg>
<doc>Waits until the element ``locator`` appears on the current page.</doc>
<status status="PASS" starttime="20220922 16:57:10.317" endtime="20220922 16:57:16.415"/>
</kw>
<kw name="Click Element" library="SeleniumLibrary">
<arg>//div[@class="sc-mcd__filter__item sc-mcd__filter__item--selected"]</arg>
<doc>Click the element identified by ``locator``.</doc>
<msg timestamp="20220922 16:57:16.416" level="INFO">Clicking element '//div[@class="sc-mcd__filter__item sc-mcd__filter__item--selected"]'.</msg>
<status status="PASS" starttime="20220922 16:57:16.415" endtime="20220922 16:57:16.699"/>
</kw>
<kw name="Click Element" library="SeleniumLibrary">
<arg>//div[@class="sc-mcd__item sc-mcd__item--frxAUDUSD "]</arg>
<doc>Click the element identified by ``locator``.</doc>
<msg timestamp="20220922 16:57:16.700" level="INFO">Clicking element '//div[@class="sc-mcd__item sc-mcd__item--frxAUDUSD "]'.</msg>
<status status="PASS" starttime="20220922 16:57:16.700" endtime="20220922 16:57:16.826"/>
</kw>
<kw name="Wait Until Page Contains Element" library="SeleniumLibrary">
<arg>//div[@class='btn-purchase__text_wrapper' and contains(.,'Rise')]</arg>
<arg>30</arg>
<doc>Waits until the element ``locator`` appears on the current page.</doc>
<status status="PASS" starttime="20220922 16:57:16.827" endtime="20220922 16:57:17.425"/>
</kw>
<kw name="Click Element" library="SeleniumLibrary">
<arg>//div[@class="contract-type-widget__display"]</arg>
<doc>Click the element identified by ``locator``.</doc>
<msg timestamp="20220922 16:57:17.425" level="INFO">Clicking element '//div[@class="contract-type-widget__display"]'.</msg>
<status status="PASS" starttime="20220922 16:57:17.425" endtime="20220922 16:57:17.522"/>
</kw>
<kw name="Wait Until Element Is Visible" library="SeleniumLibrary">
<arg>//div[@id="dt_contract_high_low_item"]</arg>
<arg>30</arg>
<doc>Waits until the element ``locator`` is visible.</doc>
<status status="PASS" starttime="20220922 16:57:17.523" endtime="20220922 16:57:17.773"/>
</kw>
<kw name="Click Element" library="SeleniumLibrary">
<arg>//div[@id="dt_contract_high_low_item"]</arg>
<doc>Click the element identified by ``locator``.</doc>
<msg timestamp="20220922 16:57:17.773" level="INFO">Clicking element '//div[@id="dt_contract_high_low_item"]'.</msg>
<status status="PASS" starttime="20220922 16:57:17.773" endtime="20220922 16:57:18.009"/>
</kw>
<kw name="Click Element" library="SeleniumLibrary">
<arg>//input[@class="dc-input__field"]</arg>
<doc>Click the element identified by ``locator``.</doc>
<msg timestamp="20220922 16:57:18.009" level="INFO">Clicking element '//input[@class="dc-input__field"]'.</msg>
<status status="PASS" starttime="20220922 16:57:18.009" endtime="20220922 16:57:18.410"/>
</kw>
<kw name="Press Keys" library="SeleniumLibrary">
<arg>//input[@class="dc-input__field"]</arg>
<arg>CTRL+a+BACKSPACE</arg>
<doc>Simulates the user pressing key(s) to an element or on the active browser.</doc>
<msg timestamp="20220922 16:57:18.410" level="INFO">Sending key(s) ('CTRL+a+BACKSPACE',) to //input[@class="dc-input__field"] element.</msg>
<msg timestamp="20220922 16:57:18.722" level="INFO">Pressing special key CONTROL down.</msg>
<msg timestamp="20220922 16:57:18.723" level="INFO">Sending key a</msg>
<msg timestamp="20220922 16:57:18.723" level="INFO">Pressing special key BACKSPACE down.</msg>
<msg timestamp="20220922 16:57:18.723" level="INFO">Releasing special key CONTROL.</msg>
<msg timestamp="20220922 16:57:18.723" level="INFO">Releasing special key BACKSPACE.</msg>
<status status="PASS" starttime="20220922 16:57:18.410" endtime="20220922 16:57:18.786"/>
</kw>
<kw name="Clear Element Text" library="SeleniumLibrary">
<arg>//input[@class="dc-input__field"]</arg>
<doc>Clears the value of the text-input-element identified by ``locator``.</doc>
<status status="PASS" starttime="20220922 16:57:18.787" endtime="20220922 16:57:18.809"/>
</kw>
<kw name="Input Text" library="SeleniumLibrary">
<arg>//input[@class="dc-input__field"]</arg>
<arg>4</arg>
<doc>Types the given ``text`` into the text field identified by ``locator``.</doc>
<msg timestamp="20220922 16:57:18.810" level="INFO">Typing text '4' into text field '//input[@class="dc-input__field"]'.</msg>
<status status="PASS" starttime="20220922 16:57:18.810" endtime="20220922 16:57:18.941"/>
</kw>
<kw name="Click Element" library="SeleniumLibrary">
<arg>//button[@id="dc_payout_toggle_item"]</arg>
<doc>Click the element identified by ``locator``.</doc>
<msg timestamp="20220922 16:57:18.942" level="INFO">Clicking element '//button[@id="dc_payout_toggle_item"]'.</msg>
<status status="PASS" starttime="20220922 16:57:18.942" endtime="20220922 16:57:19.045"/>
</kw>
<kw name="Click Element" library="SeleniumLibrary">
<arg>//input[@id="dt_amount_input"]</arg>
<doc>Click the element identified by ``locator``.</doc>
<msg timestamp="20220922 16:57:19.045" level="INFO">Clicking element '//input[@id="dt_amount_input"]'.</msg>
<status status="PASS" starttime="20220922 16:57:19.045" endtime="20220922 16:57:19.102"/>
</kw>
<kw name="Press Keys" library="SeleniumLibrary">
<arg>//input[@id="dt_amount_input"]</arg>
<arg>CTRL+a+BACKSPACE</arg>
<doc>Simulates the user pressing key(s) to an element or on the active browser.</doc>
<msg timestamp="20220922 16:57:19.102" level="INFO">Sending key(s) ('CTRL+a+BACKSPACE',) to //input[@id="dt_amount_input"] element.</msg>
<msg timestamp="20220922 16:57:19.427" level="INFO">Pressing special key CONTROL down.</msg>
<msg timestamp="20220922 16:57:19.427" level="INFO">Sending key a</msg>
<msg timestamp="20220922 16:57:19.427" level="INFO">Pressing special key BACKSPACE down.</msg>
<msg timestamp="20220922 16:57:19.427" level="INFO">Releasing special key CONTROL.</msg>
<msg timestamp="20220922 16:57:19.427" level="INFO">Releasing special key BACKSPACE.</msg>
<status status="PASS" starttime="20220922 16:57:19.102" endtime="20220922 16:57:19.527"/>
</kw>
<kw name="Clear Element Text" library="SeleniumLibrary">
<arg>//input[@id="dt_amount_input"]</arg>
<doc>Clears the value of the text-input-element identified by ``locator``.</doc>
<status status="PASS" starttime="20220922 16:57:19.527" endtime="20220922 16:57:19.550"/>
</kw>
<kw name="Input Text" library="SeleniumLibrary">
<arg>//input[@id="dt_amount_input"]</arg>
<arg>15.50</arg>
<doc>Types the given ``text`` into the text field identified by ``locator``.</doc>
<msg timestamp="20220922 16:57:19.550" level="INFO">Typing text '15.50' into text field '//input[@id="dt_amount_input"]'.</msg>
<status status="PASS" starttime="20220922 16:57:19.550" endtime="20220922 16:57:19.638"/>
</kw>
<kw name="Wait Until Page Contains Element" library="SeleniumLibrary">
<arg>//div[@class="purchase-container" and contains(.,'Lower')]</arg>
<arg>30</arg>
<doc>Waits until the element ``locator`` appears on the current page.</doc>
<status status="PASS" starttime="20220922 16:57:19.638" endtime="20220922 16:57:19.658"/>
</kw>
<kw name="Click Element" library="SeleniumLibrary">
<arg>//div[@class="trade-container__fieldset-wrapper trade-container__fieldset-wrapper--disabled"]</arg>
<doc>Click the element identified by ``locator``.</doc>
<msg timestamp="20220922 16:57:19.658" level="INFO">Clicking element '//div[@class="trade-container__fieldset-wrapper trade-container__fieldset-wrapper--disabled"]'.</msg>
<status status="PASS" starttime="20220922 16:57:19.658" endtime="20220922 16:57:19.850"/>
</kw>
<status status="PASS" starttime="20220922 16:57:10.266" endtime="20220922 16:57:19.850"/>
</kw>
<status status="PASS" starttime="20220922 16:56:52.702" endtime="20220922 16:57:19.851"/>
</test>
<status status="PASS" starttime="20220922 16:56:52.624" endtime="20220922 16:57:19.852"/>
</suite>
<statistics>
<total>
<stat pass="1" fail="0" skip="0">All Tests</stat>
</total>
<tag>
</tag>
<suite>
<stat pass="1" fail="0" skip="0" id="s1" name="Task3">Task3</stat>
</suite>
</statistics>
<errors>
</errors>
</robot>
