<?xml version="1.0" encoding="UTF-8"?>
<robot generator="Robot 5.0.1 (Python 3.8.10 on linux)" generated="20220925 14:01:16.094" rpa="false" schemaversion="3">
<suite id="s1" name="Task5" source="/home/afiq/Besquare/QA/Robotframework/testcases/Task 5/Task5.robot">
<test id="s1-t1" name="Multiplier Contract" line="37">
<kw name="Login To Deriv">
<kw name="Open Browser" library="SeleniumLibrary">
<arg>https://app.deriv.com/</arg>
<arg>Chrome</arg>
<doc>Opens a new browser instance to the optional ``url``.</doc>
<msg timestamp="20220925 14:01:16.184" level="INFO">Opening browser 'Chrome' to base url 'https://app.deriv.com/'.</msg>
<status status="PASS" starttime="20220925 14:01:16.183" endtime="20220925 14:01:19.521"/>
</kw>
<kw name="Maximize Browser Window" library="SeleniumLibrary">
<doc>Maximizes current browser window.</doc>
<status status="PASS" starttime="20220925 14:01:19.522" endtime="20220925 14:01:19.627"/>
</kw>
<kw name="Wait Until Page Contains Element" library="SeleniumLibrary">
<arg>//div[@class='btn-purchase__text_wrapper' and contains(.,'Rise')]</arg>
<arg>30</arg>
<doc>Waits until the element ``locator`` appears on the current page.</doc>
<status status="PASS" starttime="20220925 14:01:19.627" endtime="20220925 14:01:21.593"/>
</kw>
<kw name="Click Element" library="SeleniumLibrary">
<arg>dt_login_button</arg>
<doc>Click the element identified by ``locator``.</doc>
<msg timestamp="20220925 14:01:21.593" level="INFO">Clicking element 'dt_login_button'.</msg>
<status status="PASS" starttime="20220925 14:01:21.593" endtime="20220925 14:01:24.229"/>
</kw>
<kw name="Wait Until Page Contains Element" library="SeleniumLibrary">
<arg>//input[@type='email']</arg>
<arg>10</arg>
<doc>Waits until the element ``locator`` appears on the current page.</doc>
<status status="PASS" starttime="20220925 14:01:24.230" endtime="20220925 14:01:24.247"/>
</kw>
<kw name="Input Text" library="SeleniumLibrary">
<arg>//input[@type='email']</arg>
<arg>mohamad.afiq+3@besquare.com.my</arg>
<doc>Types the given ``text`` into the text field identified by ``locator``.</doc>
<msg timestamp="20220925 14:01:24.247" level="INFO">Typing text 'mohamad.afiq+3@besquare.com.my' into text field '//input[@type='email']'.</msg>
<status status="PASS" starttime="20220925 14:01:24.247" endtime="20220925 14:01:24.304"/>
</kw>
<kw name="Input Text" library="SeleniumLibrary">
<arg>//input[@type='password']</arg>
<arg>@Dtrader123</arg>
<doc>Types the given ``text`` into the text field identified by ``locator``.</doc>
<msg timestamp="20220925 14:01:24.304" level="INFO">Typing text '@Dtrader123' into text field '//input[@type='password']'.</msg>
<status status="PASS" starttime="20220925 14:01:24.304" endtime="20220925 14:01:24.355"/>
</kw>
<kw name="Click Element" library="SeleniumLibrary">
<arg>//button[@type='submit']</arg>
<doc>Click the element identified by ``locator``.</doc>
<msg timestamp="20220925 14:01:24.355" level="INFO">Clicking element '//button[@type='submit']'.</msg>
<status status="PASS" starttime="20220925 14:01:24.355" endtime="20220925 14:01:28.032"/>
</kw>
<kw name="Wait Until Page Contains Element" library="SeleniumLibrary">
<arg>//div[@class='btn-purchase__text_wrapper' and contains(.,'Rise')]</arg>
<arg>30</arg>
<doc>Waits until the element ``locator`` appears on the current page.</doc>
<status status="PASS" starttime="20220925 14:01:28.032" endtime="20220925 14:01:28.680"/>
</kw>
<kw name="Wait Until Page Contains Element" library="SeleniumLibrary">
<arg>//div[@id='dt_core_account-info_acc-info']</arg>
<arg>30</arg>
<doc>Waits until the element ``locator`` appears on the current page.</doc>
<status status="PASS" starttime="20220925 14:01:28.681" endtime="20220925 14:01:28.701"/>
</kw>
<kw name="Sleep" library="BuiltIn">
<arg>5</arg>
<doc>Pauses the test executed for the given time.</doc>
<msg timestamp="20220925 14:01:33.701" level="INFO">Slept 5 seconds</msg>
<status status="PASS" starttime="20220925 14:01:28.701" endtime="20220925 14:01:33.702"/>
</kw>
<kw name="Click Element" library="SeleniumLibrary">
<arg>//div[@id='dt_core_account-info_acc-info']</arg>
<doc>Click the element identified by ``locator``.</doc>
<msg timestamp="20220925 14:01:33.702" level="INFO">Clicking element '//div[@id='dt_core_account-info_acc-info']'.</msg>
<status status="PASS" starttime="20220925 14:01:33.702" endtime="20220925 14:01:33.796"/>
</kw>
<kw name="Click Element" library="SeleniumLibrary">
<arg>//li[@id='dt_core_account-switcher_demo-tab']</arg>
<doc>Click the element identified by ``locator``.</doc>
<msg timestamp="20220925 14:01:33.796" level="INFO">Clicking element '//li[@id='dt_core_account-switcher_demo-tab']'.</msg>
<status status="PASS" starttime="20220925 14:01:33.796" endtime="20220925 14:01:33.863"/>
</kw>
<kw name="Click Element" library="SeleniumLibrary">
<arg>//div[@class='dc-content-expander__content']</arg>
<doc>Click the element identified by ``locator``.</doc>
<msg timestamp="20220925 14:01:33.863" level="INFO">Clicking element '//div[@class='dc-content-expander__content']'.</msg>
<status status="PASS" starttime="20220925 14:01:33.863" endtime="20220925 14:01:34.025"/>
</kw>
<status status="PASS" starttime="20220925 14:01:16.183" endtime="20220925 14:01:34.026"/>
</kw>
<kw name="Check Multiplier Contract Parameter">
<kw name="Sleep" library="BuiltIn">
<arg>7</arg>
<doc>Pauses the test executed for the given time.</doc>
<msg timestamp="20220925 14:01:41.026" level="INFO">Slept 7 seconds</msg>
<status status="PASS" starttime="20220925 14:01:34.026" endtime="20220925 14:01:41.026"/>
</kw>
<kw name="Click Element" library="SeleniumLibrary">
<arg>//div[@class="cq-symbol-select-btn"]</arg>
<doc>Click the element identified by ``locator``.</doc>
<msg timestamp="20220925 14:01:41.027" level="INFO">Clicking element '//div[@class="cq-symbol-select-btn"]'.</msg>
<status status="PASS" starttime="20220925 14:01:41.027" endtime="20220925 14:01:41.085"/>
</kw>
<kw name="Wait Until Page Contains Element" library="SeleniumLibrary">
<arg>//div[@class='btn-purchase__text_wrapper' and contains(.,'Rise')]</arg>
<arg>30</arg>
<doc>Waits until the element ``locator`` appears on the current page.</doc>
<status status="PASS" starttime="20220925 14:01:41.085" endtime="20220925 14:01:41.091"/>
</kw>
<kw name="Sleep" library="BuiltIn">
<arg>3</arg>
<doc>Pauses the test executed for the given time.</doc>
<msg timestamp="20220925 14:01:44.092" level="INFO">Slept 3 seconds</msg>
<status status="PASS" starttime="20220925 14:01:41.091" endtime="20220925 14:01:44.092"/>
</kw>
<kw name="Click Element" library="SeleniumLibrary">
<arg>//div[@class="sc-mcd__item sc-mcd__item--R_50 "]</arg>
<doc>Click the element identified by ``locator``.</doc>
<msg timestamp="20220925 14:01:44.092" level="INFO">Clicking element '//div[@class="sc-mcd__item sc-mcd__item--R_50 "]'.</msg>
<status status="PASS" starttime="20220925 14:01:44.092" endtime="20220925 14:01:44.212"/>
</kw>
<kw name="Wait Until Page Contains Element" library="SeleniumLibrary">
<arg>//div[@class='btn-purchase__text_wrapper' and contains(.,'Rise')]</arg>
<arg>30</arg>
<doc>Waits until the element ``locator`` appears on the current page.</doc>
<status status="PASS" starttime="20220925 14:01:44.212" endtime="20220925 14:01:44.844"/>
</kw>
<kw name="Click Element" library="SeleniumLibrary">
<arg>//div[@class="contract-type-widget__display"]</arg>
<doc>Click the element identified by ``locator``.</doc>
<msg timestamp="20220925 14:01:44.845" level="INFO">Clicking element '//div[@class="contract-type-widget__display"]'.</msg>
<status status="PASS" starttime="20220925 14:01:44.845" endtime="20220925 14:01:44.918"/>
</kw>
<kw name="Wait Until Element Is Visible" library="SeleniumLibrary">
<arg>//div[@id="dt_contract_high_low_item"]</arg>
<arg>30</arg>
<doc>Waits until the element ``locator`` is visible.</doc>
<status status="PASS" starttime="20220925 14:01:44.918" endtime="20220925 14:01:45.174"/>
</kw>
<kw name="Sleep" library="BuiltIn">
<arg>3</arg>
<doc>Pauses the test executed for the given time.</doc>
<msg timestamp="20220925 14:01:48.174" level="INFO">Slept 3 seconds</msg>
<status status="PASS" starttime="20220925 14:01:45.174" endtime="20220925 14:01:48.174"/>
</kw>
<kw name="Click Element" library="SeleniumLibrary">
<arg>//div[@id="dt_contract_multiplier_item"]</arg>
<doc>Click the element identified by ``locator``.</doc>
<msg timestamp="20220925 14:01:48.176" level="INFO">Clicking element '//div[@id="dt_contract_multiplier_item"]'.</msg>
<status status="PASS" starttime="20220925 14:01:48.175" endtime="20220925 14:01:48.408"/>
</kw>
<status status="PASS" starttime="20220925 14:01:34.026" endtime="20220925 14:01:48.408"/>
</kw>
<status status="PASS" starttime="20220925 14:01:16.183" endtime="20220925 14:01:48.409"/>
</test>
<test id="s1-t2" name="Only Stake Is Allowed" line="40">
<kw name="Element Should Be Visible" library="SeleniumLibrary">
<arg>//div[@class="trade-container__fieldset-header trade-container__fieldset-header--inline" and contains(.,'Stake')]</arg>
<doc>Verifies that the element identified by ``locator`` is visible.</doc>
<msg timestamp="20220925 14:01:48.451" level="INFO">Element '//div[@class="trade-container__fieldset-header trade-container__fieldset-header--inline" and contains(.,'Stake')]' is displayed.</msg>
<status status="PASS" starttime="20220925 14:01:48.411" endtime="20220925 14:01:48.451"/>
</kw>
<status status="PASS" starttime="20220925 14:01:48.410" endtime="20220925 14:01:48.451"/>
</test>
<test id="s1-t3" name="Only Deal Cancellation Or Take Profit Or Stop Loss Is Allowed" line="42">
<kw name="Click Element" library="SeleniumLibrary">
<arg>//label[@class="dc-checkbox take_profit-checkbox__input"]/span[@class="dc-checkbox__box"]</arg>
<doc>Click the element identified by ``locator``.</doc>
<msg timestamp="20220925 14:01:48.453" level="INFO">Clicking element '//label[@class="dc-checkbox take_profit-checkbox__input"]/span[@class="dc-checkbox__box"]'.</msg>
<status status="PASS" starttime="20220925 14:01:48.452" endtime="20220925 14:01:48.637"/>
</kw>
<kw name="Page Should Contain Element" library="SeleniumLibrary">
<arg>//label[@class="dc-checkbox take_profit-checkbox__input"]/span[@class="dc-checkbox__box dc-checkbox__box--active"]</arg>
<doc>Verifies that element ``locator`` is found on the current page.</doc>
<msg timestamp="20220925 14:01:48.657" level="INFO">Current page contains element '//label[@class="dc-checkbox take_profit-checkbox__input"]/span[@class="dc-checkbox__box dc-checkbox__box--active"]'.</msg>
<status status="PASS" starttime="20220925 14:01:48.637" endtime="20220925 14:01:48.657"/>
</kw>
<kw name="Click Element" library="SeleniumLibrary">
<arg>//label[@class="dc-checkbox stop_loss-checkbox__input"]/span[@class="dc-checkbox__box"]</arg>
<doc>Click the element identified by ``locator``.</doc>
<msg timestamp="20220925 14:01:48.658" level="INFO">Clicking element '//label[@class="dc-checkbox stop_loss-checkbox__input"]/span[@class="dc-checkbox__box"]'.</msg>
<status status="PASS" starttime="20220925 14:01:48.657" endtime="20220925 14:01:48.848"/>
</kw>
<kw name="Page Should Contain Element" library="SeleniumLibrary">
<arg>//label[@class="dc-checkbox stop_loss-checkbox__input"]/span[@class="dc-checkbox__box dc-checkbox__box--active"]</arg>
<doc>Verifies that element ``locator`` is found on the current page.</doc>
<msg timestamp="20220925 14:01:48.868" level="INFO">Current page contains element '//label[@class="dc-checkbox stop_loss-checkbox__input"]/span[@class="dc-checkbox__box dc-checkbox__box--active"]'.</msg>
<status status="PASS" starttime="20220925 14:01:48.849" endtime="20220925 14:01:48.868"/>
</kw>
<kw name="Click Element" library="SeleniumLibrary">
<arg>//span[@class="dc-text dc-checkbox__label"]</arg>
<doc>Click the element identified by ``locator``.</doc>
<msg timestamp="20220925 14:01:48.869" level="INFO">Clicking element '//span[@class="dc-text dc-checkbox__label"]'.</msg>
<status status="PASS" starttime="20220925 14:01:48.869" endtime="20220925 14:01:49.041"/>
</kw>
<kw name="Page Should Not Contain Element" library="SeleniumLibrary">
<arg>//label[@class="dc-checkbox take_profit-checkbox__input"]/span[@class="dc-checkbox__box dc-checkbox__box--active"]</arg>
<doc>Verifies that element ``locator`` is not found on the current page.</doc>
<msg timestamp="20220925 14:01:49.058" level="INFO">Current page does not contain element '//label[@class="dc-checkbox take_profit-checkbox__input"]/span[@class="dc-checkbox__box dc-checkbox__box--active"]'.</msg>
<status status="PASS" starttime="20220925 14:01:49.042" endtime="20220925 14:01:49.058"/>
</kw>
<kw name="Page Should Not Contain Element" library="SeleniumLibrary">
<arg>//label[@class="dc-checkbox stop_loss-checkbox__input"]/span[@class="dc-checkbox__box dc-checkbox__box--active"]</arg>
<doc>Verifies that element ``locator`` is not found on the current page.</doc>
<msg timestamp="20220925 14:01:49.075" level="INFO">Current page does not contain element '//label[@class="dc-checkbox stop_loss-checkbox__input"]/span[@class="dc-checkbox__box dc-checkbox__box--active"]'.</msg>
<status status="PASS" starttime="20220925 14:01:49.060" endtime="20220925 14:01:49.075"/>
</kw>
<kw name="Page Should Contain Element" library="SeleniumLibrary">
<arg>//label[@class="dc-checkbox"]/span[@class="dc-checkbox__box dc-checkbox__box--active"]</arg>
<doc>Verifies that element ``locator`` is found on the current page.</doc>
<msg timestamp="20220925 14:01:49.097" level="INFO">Current page contains element '//label[@class="dc-checkbox"]/span[@class="dc-checkbox__box dc-checkbox__box--active"]'.</msg>
<status status="PASS" starttime="20220925 14:01:49.075" endtime="20220925 14:01:49.097"/>
</kw>
<status status="PASS" starttime="20220925 14:01:48.452" endtime="20220925 14:01:49.098"/>
</test>
<test id="s1-t4" name="Multiplier Value Selection Should Have X20, X40, X60, X100, X200" line="51">
<kw name="Click Element" library="SeleniumLibrary">
<arg>//span[@name="multiplier"]</arg>
<doc>Click the element identified by ``locator``.</doc>
<msg timestamp="20220925 14:01:49.102" level="INFO">Clicking element '//span[@name="multiplier"]'.</msg>
<status status="PASS" starttime="20220925 14:01:49.102" endtime="20220925 14:01:49.199"/>
</kw>
<kw name="Page Should Contain Element" library="SeleniumLibrary">
<arg>//div[@class="dc-themed-scrollbars dc-themed-scrollbars__autohide"]</arg>
<doc>Verifies that element ``locator`` is found on the current page.</doc>
<msg timestamp="20220925 14:01:49.217" level="INFO">Current page contains element '//div[@class="dc-themed-scrollbars dc-themed-scrollbars__autohide"]'.</msg>
<status status="PASS" starttime="20220925 14:01:49.199" endtime="20220925 14:01:49.217"/>
</kw>
<kw name="Page Should Contain Element" library="SeleniumLibrary">
<arg>//div[@id="20"]</arg>
<doc>Verifies that element ``locator`` is found on the current page.</doc>
<msg timestamp="20220925 14:01:49.232" level="INFO">Current page contains element '//div[@id="20"]'.</msg>
<status status="PASS" starttime="20220925 14:01:49.217" endtime="20220925 14:01:49.232"/>
</kw>
<kw name="Page Should Contain Element" library="SeleniumLibrary">
<arg>//div[@id="40"]</arg>
<doc>Verifies that element ``locator`` is found on the current page.</doc>
<msg timestamp="20220925 14:01:49.249" level="INFO">Current page contains element '//div[@id="40"]'.</msg>
<status status="PASS" starttime="20220925 14:01:49.233" endtime="20220925 14:01:49.250"/>
</kw>
<kw name="Page Should Contain Element" library="SeleniumLibrary">
<arg>//div[@id="60"]</arg>
<doc>Verifies that element ``locator`` is found on the current page.</doc>
<msg timestamp="20220925 14:01:49.265" level="INFO">Current page contains element '//div[@id="60"]'.</msg>
<status status="PASS" starttime="20220925 14:01:49.250" endtime="20220925 14:01:49.265"/>
</kw>
<kw name="Page Should Contain Element" library="SeleniumLibrary">
<arg>//div[@id="100"]</arg>
<doc>Verifies that element ``locator`` is found on the current page.</doc>
<msg timestamp="20220925 14:01:49.281" level="INFO">Current page contains element '//div[@id="100"]'.</msg>
<status status="PASS" starttime="20220925 14:01:49.265" endtime="20220925 14:01:49.281"/>
</kw>
<kw name="Page Should Contain Element" library="SeleniumLibrary">
<arg>//div[@id="200"]</arg>
<doc>Verifies that element ``locator`` is found on the current page.</doc>
<msg timestamp="20220925 14:01:49.297" level="INFO">Current page contains element '//div[@id="200"]'.</msg>
<status status="PASS" starttime="20220925 14:01:49.281" endtime="20220925 14:01:49.297"/>
</kw>
<status status="PASS" starttime="20220925 14:01:49.100" endtime="20220925 14:01:49.298"/>
</test>
<test id="s1-t5" name="Deal Cancellation Fee Should Correlate With The Stake Value" line="59">
<kw name="Click Element" library="SeleniumLibrary">
<arg>//input[@id="dt_amount_input"]</arg>
<doc>Click the element identified by ``locator``.</doc>
<msg timestamp="20220925 14:01:49.299" level="INFO">Clicking element '//input[@id="dt_amount_input"]'.</msg>
<status status="PASS" starttime="20220925 14:01:49.299" endtime="20220925 14:01:49.388"/>
</kw>
<kw name="Press Keys" library="SeleniumLibrary">
<arg>//input[@id="dt_amount_input"]</arg>
<arg>CTRL+a+BACKSPACE</arg>
<doc>Simulates the user pressing key(s) to an element or on the active browser.</doc>
<msg timestamp="20220925 14:01:49.388" level="INFO">Sending key(s) ('CTRL+a+BACKSPACE',) to //input[@id="dt_amount_input"] element.</msg>
<msg timestamp="20220925 14:01:49.667" level="INFO">Pressing special key CONTROL down.</msg>
<msg timestamp="20220925 14:01:49.667" level="INFO">Sending key a</msg>
<msg timestamp="20220925 14:01:49.667" level="INFO">Pressing special key BACKSPACE down.</msg>
<msg timestamp="20220925 14:01:49.668" level="INFO">Releasing special key CONTROL.</msg>
<msg timestamp="20220925 14:01:49.668" level="INFO">Releasing special key BACKSPACE.</msg>
<status status="PASS" starttime="20220925 14:01:49.388" endtime="20220925 14:01:49.707"/>
</kw>
<kw name="Input Text" library="SeleniumLibrary">
<arg>//input[@id="dt_amount_input"]</arg>
<arg>100</arg>
<doc>Types the given ``text`` into the text field identified by ``locator``.</doc>
<msg timestamp="20220925 14:01:49.708" level="INFO">Typing text '100' into text field '//input[@id="dt_amount_input"]'.</msg>
<status status="PASS" starttime="20220925 14:01:49.707" endtime="20220925 14:01:49.795"/>
</kw>
<kw name="Sleep" library="BuiltIn">
<arg>5</arg>
<doc>Pauses the test executed for the given time.</doc>
<msg timestamp="20220925 14:01:54.796" level="INFO">Slept 5 seconds</msg>
<status status="PASS" starttime="20220925 14:01:49.795" endtime="20220925 14:01:54.796"/>
</kw>
<kw name="Wait Until Page Contains Element" library="SeleniumLibrary">
<arg>//span[@class="trade-container__price-info-currency"]</arg>
<arg>30</arg>
<doc>Waits until the element ``locator`` appears on the current page.</doc>
<status status="PASS" starttime="20220925 14:01:54.796" endtime="20220925 14:01:54.820"/>
</kw>
<kw name="Click Element" library="SeleniumLibrary">
<arg>//input[@id="dt_amount_input"]</arg>
<doc>Click the element identified by ``locator``.</doc>
<msg timestamp="20220925 14:01:54.821" level="INFO">Clicking element '//input[@id="dt_amount_input"]'.</msg>
<status status="PASS" starttime="20220925 14:01:54.821" endtime="20220925 14:01:54.913"/>
</kw>
<kw name="Press Keys" library="SeleniumLibrary">
<arg>//input[@id="dt_amount_input"]</arg>
<arg>CTRL+a+BACKSPACE</arg>
<doc>Simulates the user pressing key(s) to an element or on the active browser.</doc>
<msg timestamp="20220925 14:01:54.914" level="INFO">Sending key(s) ('CTRL+a+BACKSPACE',) to //input[@id="dt_amount_input"] element.</msg>
<msg timestamp="20220925 14:01:55.198" level="INFO">Pressing special key CONTROL down.</msg>
<msg timestamp="20220925 14:01:55.198" level="INFO">Sending key a</msg>
<msg timestamp="20220925 14:01:55.198" level="INFO">Pressing special key BACKSPACE down.</msg>
<msg timestamp="20220925 14:01:55.198" level="INFO">Releasing special key CONTROL.</msg>
<msg timestamp="20220925 14:01:55.198" level="INFO">Releasing special key BACKSPACE.</msg>
<status status="PASS" starttime="20220925 14:01:54.914" endtime="20220925 14:01:55.238"/>
</kw>
<kw name="Input Text" library="SeleniumLibrary">
<arg>//input[@id="dt_amount_input"]</arg>
<arg>500</arg>
<doc>Types the given ``text`` into the text field identified by ``locator``.</doc>
<msg timestamp="20220925 14:01:55.239" level="INFO">Typing text '500' into text field '//input[@id="dt_amount_input"]'.</msg>
<status status="PASS" starttime="20220925 14:01:55.238" endtime="20220925 14:01:55.332"/>
</kw>
<kw name="Wait Until Page Contains Element" library="SeleniumLibrary">
<arg>//span[@class="trade-container__price-info-currency"]</arg>
<arg>30</arg>
<doc>Waits until the element ``locator`` appears on the current page.</doc>
<status status="PASS" starttime="20220925 14:01:55.332" endtime="20220925 14:01:57.024"/>
</kw>
<status status="PASS" starttime="20220925 14:01:49.298" endtime="20220925 14:01:57.024"/>
</test>
<test id="s1-t6" name="Maximum Stake Is 2000USD" line="72">
<kw name="Click Element" library="SeleniumLibrary">
<arg>//input[@id="dt_amount_input"]</arg>
<doc>Click the element identified by ``locator``.</doc>
<msg timestamp="20220925 14:01:57.025" level="INFO">Clicking element '//input[@id="dt_amount_input"]'.</msg>
<status status="PASS" starttime="20220925 14:01:57.025" endtime="20220925 14:01:57.058"/>
</kw>
<kw name="Press Keys" library="SeleniumLibrary">
<arg>//input[@id="dt_amount_input"]</arg>
<arg>CTRL+a+BACKSPACE</arg>
<doc>Simulates the user pressing key(s) to an element or on the active browser.</doc>
<msg timestamp="20220925 14:01:57.059" level="INFO">Sending key(s) ('CTRL+a+BACKSPACE',) to //input[@id="dt_amount_input"] element.</msg>
<msg timestamp="20220925 14:01:57.363" level="INFO">Pressing special key CONTROL down.</msg>
<msg timestamp="20220925 14:01:57.363" level="INFO">Sending key a</msg>
<msg timestamp="20220925 14:01:57.363" level="INFO">Pressing special key BACKSPACE down.</msg>
<msg timestamp="20220925 14:01:57.363" level="INFO">Releasing special key CONTROL.</msg>
<msg timestamp="20220925 14:01:57.363" level="INFO">Releasing special key BACKSPACE.</msg>
<status status="PASS" starttime="20220925 14:01:57.059" endtime="20220925 14:01:57.397"/>
</kw>
<kw name="Input Text" library="SeleniumLibrary">
<arg>//input[@id="dt_amount_input"]</arg>
<arg>2001</arg>
<doc>Types the given ``text`` into the text field identified by ``locator``.</doc>
<msg timestamp="20220925 14:01:57.397" level="INFO">Typing text '2001' into text field '//input[@id="dt_amount_input"]'.</msg>
<status status="PASS" starttime="20220925 14:01:57.397" endtime="20220925 14:01:57.514"/>
</kw>
<kw name="Page Should Contain Element" library="SeleniumLibrary">
<arg>//div[@class="trade-container__fieldset-wrapper trade-container__fieldset-wrapper--disabled"]</arg>
<doc>Verifies that element ``locator`` is found on the current page.</doc>
<msg timestamp="20220925 14:01:57.528" level="INFO">Current page contains element '//div[@class="trade-container__fieldset-wrapper trade-container__fieldset-wrapper--disabled"]'.</msg>
<status status="PASS" starttime="20220925 14:01:57.514" endtime="20220925 14:01:57.528"/>
</kw>
<kw name="Press Keys" library="SeleniumLibrary">
<arg>//input[@id="dt_amount_input"]</arg>
<arg>CTRL+a+BACKSPACE</arg>
<doc>Simulates the user pressing key(s) to an element or on the active browser.</doc>
<msg timestamp="20220925 14:01:57.529" level="INFO">Sending key(s) ('CTRL+a+BACKSPACE',) to //input[@id="dt_amount_input"] element.</msg>
<msg timestamp="20220925 14:01:57.812" level="INFO">Pressing special key CONTROL down.</msg>
<msg timestamp="20220925 14:01:57.812" level="INFO">Sending key a</msg>
<msg timestamp="20220925 14:01:57.813" level="INFO">Pressing special key BACKSPACE down.</msg>
<msg timestamp="20220925 14:01:57.813" level="INFO">Releasing special key CONTROL.</msg>
<msg timestamp="20220925 14:01:57.813" level="INFO">Releasing special key BACKSPACE.</msg>
<status status="PASS" starttime="20220925 14:01:57.528" endtime="20220925 14:01:57.874"/>
</kw>
<kw name="Input Text" library="SeleniumLibrary">
<arg>//input[@id="dt_amount_input"]</arg>
<arg>2000</arg>
<doc>Types the given ``text`` into the text field identified by ``locator``.</doc>
<msg timestamp="20220925 14:01:57.874" level="INFO">Typing text '2000' into text field '//input[@id="dt_amount_input"]'.</msg>
<status status="PASS" starttime="20220925 14:01:57.874" endtime="20220925 14:01:57.961"/>
</kw>
<kw name="Page Should Contain Element" library="SeleniumLibrary">
<arg>//div[@class="btn-purchase__info btn-purchase__info--right"]</arg>
<doc>Verifies that element ``locator`` is found on the current page.</doc>
<msg timestamp="20220925 14:01:57.974" level="INFO">Current page contains element '//div[@class="btn-purchase__info btn-purchase__info--right"]'.</msg>
<status status="PASS" starttime="20220925 14:01:57.961" endtime="20220925 14:01:57.974"/>
</kw>
<status status="PASS" starttime="20220925 14:01:57.025" endtime="20220925 14:01:57.975"/>
</test>
<test id="s1-t7" name="Minimum Stake Is 1USD" line="80">
<kw name="Press Keys" library="SeleniumLibrary">
<arg>//input[@id="dt_amount_input"]</arg>
<arg>CTRL+a+BACKSPACE</arg>
<doc>Simulates the user pressing key(s) to an element or on the active browser.</doc>
<msg timestamp="20220925 14:01:57.976" level="INFO">Sending key(s) ('CTRL+a+BACKSPACE',) to //input[@id="dt_amount_input"] element.</msg>
<msg timestamp="20220925 14:01:58.252" level="INFO">Pressing special key CONTROL down.</msg>
<msg timestamp="20220925 14:01:58.252" level="INFO">Sending key a</msg>
<msg timestamp="20220925 14:01:58.252" level="INFO">Pressing special key BACKSPACE down.</msg>
<msg timestamp="20220925 14:01:58.252" level="INFO">Releasing special key CONTROL.</msg>
<msg timestamp="20220925 14:01:58.252" level="INFO">Releasing special key BACKSPACE.</msg>
<status status="PASS" starttime="20220925 14:01:57.975" endtime="20220925 14:01:58.283"/>
</kw>
<kw name="Input Text" library="SeleniumLibrary">
<arg>//input[@id="dt_amount_input"]</arg>
<arg>0</arg>
<doc>Types the given ``text`` into the text field identified by ``locator``.</doc>
<msg timestamp="20220925 14:01:58.284" level="INFO">Typing text '0' into text field '//input[@id="dt_amount_input"]'.</msg>
<status status="PASS" starttime="20220925 14:01:58.284" endtime="20220925 14:01:58.339"/>
</kw>
<kw name="Sleep" library="BuiltIn">
<arg>5</arg>
<doc>Pauses the test executed for the given time.</doc>
<msg timestamp="20220925 14:02:03.340" level="INFO">Slept 5 seconds</msg>
<status status="PASS" starttime="20220925 14:01:58.339" endtime="20220925 14:02:03.340"/>
</kw>
<kw name="Page Should Contain Element" library="SeleniumLibrary">
<arg>//div[@class="trade-container__fieldset-wrapper trade-container__fieldset-wrapper--disabled"]</arg>
<doc>Verifies that element ``locator`` is found on the current page.</doc>
<msg timestamp="20220925 14:02:03.356" level="INFO">Current page contains element '//div[@class="trade-container__fieldset-wrapper trade-container__fieldset-wrapper--disabled"]'.</msg>
<status status="PASS" starttime="20220925 14:02:03.340" endtime="20220925 14:02:03.356"/>
</kw>
<kw name="Page Should Contain Element" library="SeleniumLibrary">
<arg>//span[@data-tooltip="Please enter a stake amount that's at least 1.00."]</arg>
<doc>Verifies that element ``locator`` is found on the current page.</doc>
<msg timestamp="20220925 14:02:03.391" level="INFO">Current page contains element '//span[@data-tooltip="Please enter a stake amount that's at least 1.00."]'.</msg>
<status status="PASS" starttime="20220925 14:02:03.357" endtime="20220925 14:02:03.392"/>
</kw>
<status status="PASS" starttime="20220925 14:01:57.975" endtime="20220925 14:02:03.392"/>
</test>
<test id="s1-t8" name="Single Click On Plus Button Increases Stake By 1USD" line="86">
<kw name="Click Element" library="SeleniumLibrary">
<arg>//button[@id="dt_amount_input_add"]</arg>
<doc>Click the element identified by ``locator``.</doc>
<msg timestamp="20220925 14:02:03.393" level="INFO">Clicking element '//button[@id="dt_amount_input_add"]'.</msg>
<status status="PASS" starttime="20220925 14:02:03.393" endtime="20220925 14:02:03.465"/>
</kw>
<kw name="Sleep" library="BuiltIn">
<arg>3</arg>
<doc>Pauses the test executed for the given time.</doc>
<msg timestamp="20220925 14:02:06.466" level="INFO">Slept 3 seconds</msg>
<status status="PASS" starttime="20220925 14:02:03.465" endtime="20220925 14:02:06.466"/>
</kw>
<kw name="Get Element Attribute" library="SeleniumLibrary">
<var>${addvalue}</var>
<arg>//input[@id="dt_amount_input"]</arg>
<arg>value</arg>
<doc>Returns the value of ``attribute`` from the element ``locator``.</doc>
<msg timestamp="20220925 14:02:06.491" level="INFO">${addvalue} = 1</msg>
<status status="PASS" starttime="20220925 14:02:06.466" endtime="20220925 14:02:06.491"/>
</kw>
<kw name="Should Be True" library="BuiltIn">
<arg>${addvalue} == 1</arg>
<doc>Fails if the given condition is not true.</doc>
<status status="PASS" starttime="20220925 14:02:06.491" endtime="20220925 14:02:06.491"/>
</kw>
<status status="PASS" starttime="20220925 14:02:03.392" endtime="20220925 14:02:06.492"/>
</test>
<test id="s1-t9" name="Single Click On Minus Button Decreases Stake By 1USD" line="91">
<kw name="Click Element" library="SeleniumLibrary">
<arg>//button[@id="dt_amount_input_sub"]</arg>
<doc>Click the element identified by ``locator``.</doc>
<msg timestamp="20220925 14:02:06.495" level="INFO">Clicking element '//button[@id="dt_amount_input_sub"]'.</msg>
<status status="PASS" starttime="20220925 14:02:06.494" endtime="20220925 14:02:06.554"/>
</kw>
<kw name="Sleep" library="BuiltIn">
<arg>3</arg>
<doc>Pauses the test executed for the given time.</doc>
<msg timestamp="20220925 14:02:09.554" level="INFO">Slept 3 seconds</msg>
<status status="PASS" starttime="20220925 14:02:06.554" endtime="20220925 14:02:09.554"/>
</kw>
<kw name="Get Element Attribute" library="SeleniumLibrary">
<var>${minusvalue}</var>
<arg>//input[@id="dt_amount_input"]</arg>
<arg>value</arg>
<doc>Returns the value of ``attribute`` from the element ``locator``.</doc>
<msg timestamp="20220925 14:02:09.601" level="INFO">${minusvalue} = 0</msg>
<status status="PASS" starttime="20220925 14:02:09.555" endtime="20220925 14:02:09.601"/>
</kw>
<kw name="Should Be True" library="BuiltIn">
<arg>${minusvalue} == 0</arg>
<doc>Fails if the given condition is not true.</doc>
<status status="PASS" starttime="20220925 14:02:09.601" endtime="20220925 14:02:09.601"/>
</kw>
<status status="PASS" starttime="20220925 14:02:06.492" endtime="20220925 14:02:09.601"/>
</test>
<test id="s1-t10" name="Deal Cancellation Duration Only Has 5,10,15,30 and 60 Min" line="96">
<kw name="Click Element" library="SeleniumLibrary">
<arg>//span[@name="cancellation_duration"]</arg>
<doc>Click the element identified by ``locator``.</doc>
<msg timestamp="20220925 14:02:09.602" level="INFO">Clicking element '//span[@name="cancellation_duration"]'.</msg>
<status status="PASS" starttime="20220925 14:02:09.602" endtime="20220925 14:02:09.639"/>
</kw>
<kw name="Sleep" library="BuiltIn">
<arg>3</arg>
<doc>Pauses the test executed for the given time.</doc>
<msg timestamp="20220925 14:02:12.640" level="INFO">Slept 3 seconds</msg>
<status status="PASS" starttime="20220925 14:02:09.640" endtime="20220925 14:02:12.640"/>
</kw>
<kw name="Page Should Contain Element" library="SeleniumLibrary">
<arg>//div[@class="dc-themed-scrollbars dc-themed-scrollbars__autohide"]</arg>
<doc>Verifies that element ``locator`` is found on the current page.</doc>
<msg timestamp="20220925 14:02:12.653" level="INFO">Current page contains element '//div[@class="dc-themed-scrollbars dc-themed-scrollbars__autohide"]'.</msg>
<status status="PASS" starttime="20220925 14:02:12.640" endtime="20220925 14:02:12.654"/>
</kw>
<kw name="Page Should Contain Element" library="SeleniumLibrary">
<arg>//div[@value="5m"]</arg>
<doc>Verifies that element ``locator`` is found on the current page.</doc>
<msg timestamp="20220925 14:02:12.679" level="INFO">Current page contains element '//div[@value="5m"]'.</msg>
<status status="PASS" starttime="20220925 14:02:12.655" endtime="20220925 14:02:12.679"/>
</kw>
<kw name="Page Should Contain Element" library="SeleniumLibrary">
<arg>//div[@value="10m"]</arg>
<doc>Verifies that element ``locator`` is found on the current page.</doc>
<msg timestamp="20220925 14:02:12.698" level="INFO">Current page contains element '//div[@value="10m"]'.</msg>
<status status="PASS" starttime="20220925 14:02:12.679" endtime="20220925 14:02:12.698"/>
</kw>
<kw name="Page Should Contain Element" library="SeleniumLibrary">
<arg>//div[@value="15m"]</arg>
<doc>Verifies that element ``locator`` is found on the current page.</doc>
<msg timestamp="20220925 14:02:12.714" level="INFO">Current page contains element '//div[@value="15m"]'.</msg>
<status status="PASS" starttime="20220925 14:02:12.698" endtime="20220925 14:02:12.714"/>
</kw>
<kw name="Page Should Contain Element" library="SeleniumLibrary">
<arg>//div[@value="30m"]</arg>
<doc>Verifies that element ``locator`` is found on the current page.</doc>
<msg timestamp="20220925 14:02:12.732" level="INFO">Current page contains element '//div[@value="30m"]'.</msg>
<status status="PASS" starttime="20220925 14:02:12.714" endtime="20220925 14:02:12.732"/>
</kw>
<kw name="Page Should Contain Element" library="SeleniumLibrary">
<arg>//div[@value="60m"]</arg>
<doc>Verifies that element ``locator`` is found on the current page.</doc>
<msg timestamp="20220925 14:02:12.750" level="INFO">Current page contains element '//div[@value="60m"]'.</msg>
<status status="PASS" starttime="20220925 14:02:12.732" endtime="20220925 14:02:12.750"/>
</kw>
<status status="PASS" starttime="20220925 14:02:09.602" endtime="20220925 14:02:12.750"/>
</test>
<status status="PASS" starttime="20220925 14:01:16.095" endtime="20220925 14:02:12.751"/>
</suite>
<statistics>
<total>
<stat pass="10" fail="0" skip="0">All Tests</stat>
</total>
<tag>
</tag>
<suite>
<stat pass="10" fail="0" skip="0" id="s1" name="Task5">Task5</stat>
</suite>
</statistics>
<errors>
</errors>
</robot>
