<?xml version="1.0" encoding="UTF-8"?>
<robot generator="Robot 5.0.1 (Python 3.8.10 on linux)" generated="20220922 17:09:56.331" rpa="false" schemaversion="3">
<suite id="s1" name="Task4" source="/home/afiq/Besquare/QA/Robotframework/testcases/Task 4/Task4.robot">
<test id="s1-t1" name="Buy Lower Contract" line="46">
<kw name="Login To Deriv">
<kw name="Open Browser" library="SeleniumLibrary">
<arg>https://app.deriv.com/</arg>
<arg>Chrome</arg>
<doc>Opens a new browser instance to the optional ``url``.</doc>
<msg timestamp="20220922 17:09:56.416" level="INFO">Opening browser 'Chrome' to base url 'https://app.deriv.com/'.</msg>
<status status="PASS" starttime="20220922 17:09:56.416" endtime="20220922 17:10:00.732"/>
</kw>
<kw name="Maximize Browser Window" library="SeleniumLibrary">
<doc>Maximizes current browser window.</doc>
<status status="PASS" starttime="20220922 17:10:00.732" endtime="20220922 17:10:00.837"/>
</kw>
<kw name="Wait Until Page Contains Element" library="SeleniumLibrary">
<arg>//div[@class='btn-purchase__text_wrapper' and contains(.,'Rise')]</arg>
<arg>30</arg>
<doc>Waits until the element ``locator`` appears on the current page.</doc>
<status status="PASS" starttime="20220922 17:10:00.837" endtime="20220922 17:10:03.444"/>
</kw>
<kw name="Click Element" library="SeleniumLibrary">
<arg>dt_login_button</arg>
<doc>Click the element identified by ``locator``.</doc>
<msg timestamp="20220922 17:10:03.444" level="INFO">Clicking element 'dt_login_button'.</msg>
<status status="PASS" starttime="20220922 17:10:03.444" endtime="20220922 17:10:06.456"/>
</kw>
<kw name="Wait Until Page Contains Element" library="SeleniumLibrary">
<arg>//input[@type='email']</arg>
<arg>10</arg>
<doc>Waits until the element ``locator`` appears on the current page.</doc>
<status status="PASS" starttime="20220922 17:10:06.456" endtime="20220922 17:10:06.464"/>
</kw>
<kw name="Input Text" library="SeleniumLibrary">
<arg>//input[@type='email']</arg>
<arg>mohamad.afiq+3@besquare.com.my</arg>
<doc>Types the given ``text`` into the text field identified by ``locator``.</doc>
<msg timestamp="20220922 17:10:06.465" level="INFO">Typing text 'mohamad.afiq+3@besquare.com.my' into text field '//input[@type='email']'.</msg>
<status status="PASS" starttime="20220922 17:10:06.464" endtime="20220922 17:10:06.517"/>
</kw>
<kw name="Input Text" library="SeleniumLibrary">
<arg>//input[@type='password']</arg>
<arg>@Dtrader123</arg>
<doc>Types the given ``text`` into the text field identified by ``locator``.</doc>
<msg timestamp="20220922 17:10:06.517" level="INFO">Typing text '@Dtrader123' into text field '//input[@type='password']'.</msg>
<status status="PASS" starttime="20220922 17:10:06.517" endtime="20220922 17:10:06.579"/>
</kw>
<kw name="Click Element" library="SeleniumLibrary">
<arg>//button[@type='submit']</arg>
<doc>Click the element identified by ``locator``.</doc>
<msg timestamp="20220922 17:10:06.580" level="INFO">Clicking element '//button[@type='submit']'.</msg>
<status status="PASS" starttime="20220922 17:10:06.579" endtime="20220922 17:10:08.732"/>
</kw>
<kw name="Wait Until Page Contains Element" library="SeleniumLibrary">
<arg>//div[@class='btn-purchase__text_wrapper' and contains(.,'Rise')]</arg>
<arg>30</arg>
<doc>Waits until the element ``locator`` appears on the current page.</doc>
<status status="PASS" starttime="20220922 17:10:08.732" endtime="20220922 17:10:11.173"/>
</kw>
<kw name="Click Element" library="SeleniumLibrary">
<arg>//div[@id='dt_core_account-info_acc-info']</arg>
<doc>Click the element identified by ``locator``.</doc>
<msg timestamp="20220922 17:10:11.174" level="INFO">Clicking element '//div[@id='dt_core_account-info_acc-info']'.</msg>
<status status="PASS" starttime="20220922 17:10:11.173" endtime="20220922 17:10:12.071"/>
</kw>
<kw name="Page Should Contain Element" library="SeleniumLibrary">
<arg>//div[contains(@id, "dt_CR")]</arg>
<doc>Verifies that element ``locator`` is found on the current page.</doc>
<msg timestamp="20220922 17:10:12.105" level="INFO">Current page contains element '//div[contains(@id, "dt_CR")]'.</msg>
<status status="PASS" starttime="20220922 17:10:12.072" endtime="20220922 17:10:12.106"/>
</kw>
<kw name="Click Element" library="SeleniumLibrary">
<arg>//li[@id='dt_core_account-switcher_demo-tab']</arg>
<doc>Click the element identified by ``locator``.</doc>
<msg timestamp="20220922 17:10:12.106" level="INFO">Clicking element '//li[@id='dt_core_account-switcher_demo-tab']'.</msg>
<status status="PASS" starttime="20220922 17:10:12.106" endtime="20220922 17:10:12.240"/>
</kw>
<kw name="Click Element" library="SeleniumLibrary">
<arg>//div[@class='dc-content-expander__content']</arg>
<doc>Click the element identified by ``locator``.</doc>
<msg timestamp="20220922 17:10:12.241" level="INFO">Clicking element '//div[@class='dc-content-expander__content']'.</msg>
<status status="PASS" starttime="20220922 17:10:12.240" endtime="20220922 17:10:12.561"/>
</kw>
<kw name="Page Should Contain Element" library="SeleniumLibrary">
<arg>//div[contains(@id, "dt_VRTC")]</arg>
<doc>Verifies that element ``locator`` is found on the current page.</doc>
<msg timestamp="20220922 17:10:12.600" level="INFO">Current page contains element '//div[contains(@id, "dt_VRTC")]'.</msg>
<status status="PASS" starttime="20220922 17:10:12.561" endtime="20220922 17:10:12.600"/>
</kw>
<status status="PASS" starttime="20220922 17:09:56.416" endtime="20220922 17:10:12.600"/>
</kw>
<kw name="Buy Lower Contract">
<kw name="Click Element" library="SeleniumLibrary">
<arg>//div[@class="cq-symbol-select-btn"]</arg>
<doc>Click the element identified by ``locator``.</doc>
<msg timestamp="20220922 17:10:12.604" level="INFO">Clicking element '//div[@class="cq-symbol-select-btn"]'.</msg>
<status status="PASS" starttime="20220922 17:10:12.604" endtime="20220922 17:10:12.726"/>
</kw>
<kw name="Wait Until Page Contains Element" library="SeleniumLibrary">
<arg>//div[@class='btn-purchase__text_wrapper' and contains(.,'Rise')]</arg>
<arg>30</arg>
<doc>Waits until the element ``locator`` appears on the current page.</doc>
<status status="PASS" starttime="20220922 17:10:12.727" endtime="20220922 17:10:17.251"/>
</kw>
<kw name="Click Element" library="SeleniumLibrary">
<arg>//div[@class="sc-mcd__filter__item sc-mcd__filter__item--selected"]</arg>
<doc>Click the element identified by ``locator``.</doc>
<msg timestamp="20220922 17:10:17.251" level="INFO">Clicking element '//div[@class="sc-mcd__filter__item sc-mcd__filter__item--selected"]'.</msg>
<status status="PASS" starttime="20220922 17:10:17.251" endtime="20220922 17:10:17.293"/>
</kw>
<kw name="Click Element" library="SeleniumLibrary">
<arg>//div[@class="sc-mcd__item sc-mcd__item--frxAUDUSD "]</arg>
<doc>Click the element identified by ``locator``.</doc>
<msg timestamp="20220922 17:10:17.294" level="INFO">Clicking element '//div[@class="sc-mcd__item sc-mcd__item--frxAUDUSD "]'.</msg>
<status status="PASS" starttime="20220922 17:10:17.293" endtime="20220922 17:10:17.451"/>
</kw>
<kw name="Wait Until Page Contains Element" library="SeleniumLibrary">
<arg>//div[@class='btn-purchase__text_wrapper' and contains(.,'Rise')]</arg>
<arg>30</arg>
<doc>Waits until the element ``locator`` appears on the current page.</doc>
<status status="PASS" starttime="20220922 17:10:17.452" endtime="20220922 17:10:19.487"/>
</kw>
<kw name="Click Element" library="SeleniumLibrary">
<arg>//div[@class="contract-type-widget__display"]</arg>
<doc>Click the element identified by ``locator``.</doc>
<msg timestamp="20220922 17:10:19.488" level="INFO">Clicking element '//div[@class="contract-type-widget__display"]'.</msg>
<status status="PASS" starttime="20220922 17:10:19.487" endtime="20220922 17:10:19.608"/>
</kw>
<kw name="Wait Until Element Is Visible" library="SeleniumLibrary">
<arg>//div[@id="dt_contract_high_low_item"]</arg>
<arg>30</arg>
<doc>Waits until the element ``locator`` is visible.</doc>
<status status="PASS" starttime="20220922 17:10:19.608" endtime="20220922 17:10:20.126"/>
</kw>
<kw name="Click Element" library="SeleniumLibrary">
<arg>//div[@id="dt_contract_high_low_item"]</arg>
<doc>Click the element identified by ``locator``.</doc>
<msg timestamp="20220922 17:10:20.127" level="INFO">Clicking element '//div[@id="dt_contract_high_low_item"]'.</msg>
<status status="PASS" starttime="20220922 17:10:20.126" endtime="20220922 17:10:20.456"/>
</kw>
<kw name="Click Element" library="SeleniumLibrary">
<arg>//input[@class="dc-input__field"]</arg>
<doc>Click the element identified by ``locator``.</doc>
<msg timestamp="20220922 17:10:20.457" level="INFO">Clicking element '//input[@class="dc-input__field"]'.</msg>
<status status="PASS" starttime="20220922 17:10:20.456" endtime="20220922 17:10:21.125"/>
</kw>
<kw name="Press Keys" library="SeleniumLibrary">
<arg>//input[@class="dc-input__field"]</arg>
<arg>CTRL+a+BACKSPACE</arg>
<doc>Simulates the user pressing key(s) to an element or on the active browser.</doc>
<msg timestamp="20220922 17:10:21.126" level="INFO">Sending key(s) ('CTRL+a+BACKSPACE',) to //input[@class="dc-input__field"] element.</msg>
<msg timestamp="20220922 17:10:21.429" level="INFO">Pressing special key CONTROL down.</msg>
<msg timestamp="20220922 17:10:21.429" level="INFO">Sending key a</msg>
<msg timestamp="20220922 17:10:21.429" level="INFO">Pressing special key BACKSPACE down.</msg>
<msg timestamp="20220922 17:10:21.429" level="INFO">Releasing special key CONTROL.</msg>
<msg timestamp="20220922 17:10:21.430" level="INFO">Releasing special key BACKSPACE.</msg>
<status status="PASS" starttime="20220922 17:10:21.125" endtime="20220922 17:10:21.503"/>
</kw>
<kw name="Clear Element Text" library="SeleniumLibrary">
<arg>//input[@class="dc-input__field"]</arg>
<doc>Clears the value of the text-input-element identified by ``locator``.</doc>
<status status="PASS" starttime="20220922 17:10:21.503" endtime="20220922 17:10:21.739"/>
</kw>
<kw name="Input Text" library="SeleniumLibrary">
<arg>//input[@class="dc-input__field"]</arg>
<arg>4</arg>
<doc>Types the given ``text`` into the text field identified by ``locator``.</doc>
<msg timestamp="20220922 17:10:21.739" level="INFO">Typing text '4' into text field '//input[@class="dc-input__field"]'.</msg>
<status status="PASS" starttime="20220922 17:10:21.739" endtime="20220922 17:10:21.923"/>
</kw>
<kw name="Click Element" library="SeleniumLibrary">
<arg>//input[@class="input trade-container__input trade-container__barriers-input trade-container__barriers-single-input"]</arg>
<doc>Click the element identified by ``locator``.</doc>
<msg timestamp="20220922 17:10:21.924" level="INFO">Clicking element '//input[@class="input trade-container__input trade-container__barriers-input trade-container__barriers-single-input"]'.</msg>
<status status="PASS" starttime="20220922 17:10:21.923" endtime="20220922 17:10:21.987"/>
</kw>
<kw name="Press Keys" library="SeleniumLibrary">
<arg>//input[@class="input trade-container__input trade-container__barriers-input trade-container__barriers-single-input"]</arg>
<arg>CTRL+a+BACKSPACE</arg>
<doc>Simulates the user pressing key(s) to an element or on the active browser.</doc>
<msg timestamp="20220922 17:10:21.987" level="INFO">Sending key(s) ('CTRL+a+BACKSPACE',) to //input[@class="input trade-container__input trade-container__barriers-input trade-container__barriers-single-input"] element.</msg>
<msg timestamp="20220922 17:10:22.267" level="INFO">Pressing special key CONTROL down.</msg>
<msg timestamp="20220922 17:10:22.268" level="INFO">Sending key a</msg>
<msg timestamp="20220922 17:10:22.268" level="INFO">Pressing special key BACKSPACE down.</msg>
<msg timestamp="20220922 17:10:22.268" level="INFO">Releasing special key CONTROL.</msg>
<msg timestamp="20220922 17:10:22.268" level="INFO">Releasing special key BACKSPACE.</msg>
<status status="PASS" starttime="20220922 17:10:21.987" endtime="20220922 17:10:22.295"/>
</kw>
<kw name="Click Element" library="SeleniumLibrary">
<arg>//input[@class="input input--error trade-container__input trade-container__barriers-input trade-container__barriers-single-input"]</arg>
<doc>Click the element identified by ``locator``.</doc>
<msg timestamp="20220922 17:10:22.295" level="INFO">Clicking element '//input[@class="input input--error trade-container__input trade-container__barriers-input trade-container__barriers-single-input"]'.</msg>
<status status="PASS" starttime="20220922 17:10:22.295" endtime="20220922 17:10:22.321"/>
</kw>
<kw name="Input Text" library="SeleniumLibrary">
<arg>//input[@class="input input--error trade-container__input trade-container__barriers-input trade-container__barriers-single-input"]</arg>
<arg>+0.6809</arg>
<doc>Types the given ``text`` into the text field identified by ``locator``.</doc>
<msg timestamp="20220922 17:10:22.321" level="INFO">Typing text '+0.6809' into text field '//input[@class="input input--error trade-container__input trade-container__barriers-input trade-container__barriers-single-input"]'.</msg>
<status status="PASS" starttime="20220922 17:10:22.321" endtime="20220922 17:10:22.439"/>
</kw>
<kw name="Click Element" library="SeleniumLibrary">
<arg>//button[@id="dc_payout_toggle_item"]</arg>
<doc>Click the element identified by ``locator``.</doc>
<msg timestamp="20220922 17:10:22.439" level="INFO">Clicking element '//button[@id="dc_payout_toggle_item"]'.</msg>
<status status="PASS" starttime="20220922 17:10:22.439" endtime="20220922 17:10:22.500"/>
</kw>
<kw name="Wait Until Page Contains Element" library="SeleniumLibrary">
<arg>//div[@class="purchase-container" and contains(.,'Lower')]</arg>
<arg>30</arg>
<doc>Waits until the element ``locator`` appears on the current page.</doc>
<status status="PASS" starttime="20220922 17:10:22.500" endtime="20220922 17:10:22.511"/>
</kw>
<status status="PASS" starttime="20220922 17:10:12.602" endtime="20220922 17:10:22.512"/>
</kw>
<status status="PASS" starttime="20220922 17:09:56.415" endtime="20220922 17:10:22.512"/>
</test>
<status status="PASS" starttime="20220922 17:09:56.332" endtime="20220922 17:10:22.512"/>
</suite>
<statistics>
<total>
<stat pass="1" fail="0" skip="0">All Tests</stat>
</total>
<tag>
</tag>
<suite>
<stat pass="1" fail="0" skip="0" id="s1" name="Task4">Task4</stat>
</suite>
</statistics>
<errors>
</errors>
</robot>
